TN:
SF:src/client.ts
FN:92,stripCancellation
FN:107,<instance_members_initializer>
FN:118,OllamaClient
FN:144,resourcesFor
FN:154,getAuthHeaders
FN:167,activeEndpoint
FN:175,runWithFailover
FN:201,withCancellation
FN:216,propagateAbort
FN:220,signal.addEventListener.once
FN:231,chat
FN:237,result.withCancellation.signal.signal
FN:254,chatStream
FN:261,chatWithSchema
FN:278,generate
FN:301,generateStream
FN:308,generateWithSchema
FN:321,embed
FN:331,embeddings
FN:344,listModels
FN:349,models
FN:353,showModel
FN:357,withCancellation.signal.signal
FN:366,pullModel
FN:392,pushModel
FN:418,createModel
FN:440,deleteModel
FN:449,copyModel
FN:458,ps
FN:462,version
FN:470,webSearch
FN:479,webFetch
FN:493,capabilities
FN:498,runtimeMode
FN:503,healthCheck
FN:510,endpointStatus
FN:515,get raw
FN:520,abort
FNF:38
FNH:21
FNDA:12,stripCancellation
FNDA:16,<instance_members_initializer>
FNDA:16,OllamaClient
FNDA:18,resourcesFor
FNDA:18,getAuthHeaders
FNDA:2,activeEndpoint
FNDA:15,runWithFailover
FNDA:12,withCancellation
FNDA:1,propagateAbort
FNDA:0,signal.addEventListener.once
FNDA:11,chat
FNDA:11,result.withCancellation.signal.signal
FNDA:1,chatStream
FNDA:1,chatWithSchema
FNDA:0,generate
FNDA:0,generateStream
FNDA:0,generateWithSchema
FNDA:0,embed
FNDA:0,embeddings
FNDA:2,listModels
FNDA:1,models
FNDA:1,showModel
FNDA:1,withCancellation.signal.signal
FNDA:0,pullModel
FNDA:0,pushModel
FNDA:0,createModel
FNDA:0,deleteModel
FNDA:0,copyModel
FNDA:0,ps
FNDA:0,version
FNDA:0,webSearch
FNDA:0,webFetch
FNDA:1,capabilities
FNDA:1,runtimeMode
FNDA:0,healthCheck
FNDA:1,endpointStatus
FNDA:1,get raw
FNDA:0,abort
DA:28,1
DA:29,1
DA:35,1
DA:36,1
DA:37,1
DA:38,1
DA:43,1
DA:44,1
DA:51,1
DA:52,1
DA:61,1
DA:62,1
DA:63,1
DA:64,1
DA:92,12
DA:93,12
DA:94,12
DA:95,12
DA:96,12
DA:97,12
DA:107,1
DA:108,16
DA:109,16
DA:110,16
DA:111,16
DA:112,16
DA:113,16
DA:114,16
DA:115,16
DA:116,16
DA:118,16
DA:119,16
DA:120,16
DA:121,3
DA:122,13
DA:123,13
DA:124,13
DA:125,13
DA:126,13
DA:127,13
DA:128,13
DA:129,13
DA:131,16
DA:132,16
DA:133,16
DA:134,16
DA:135,16
DA:136,16
DA:137,16
DA:138,16
DA:139,16
DA:140,16
DA:141,16
DA:142,16
DA:144,16
DA:145,18
DA:146,18
DA:147,17
DA:148,17
DA:149,17
DA:150,17
DA:151,17
DA:152,17
DA:153,17
DA:154,17
DA:155,18
DA:156,17
DA:157,17
DA:158,17
DA:159,17
DA:160,17
DA:161,17
DA:162,17
DA:163,17
DA:164,18
DA:165,18
DA:167,16
DA:168,2
DA:169,2
DA:170,0
DA:171,0
DA:172,2
DA:173,2
DA:175,16
DA:176,15
DA:177,15
DA:178,15
DA:179,15
DA:180,17
DA:181,17
DA:182,17
DA:183,10
DA:184,10
DA:185,17
DA:186,5
DA:187,5
DA:188,5
DA:189,2
DA:190,2
DA:191,3
DA:192,3
DA:193,3
DA:194,3
DA:195,3
DA:196,3
DA:197,17
DA:198,1
DA:199,15
DA:201,16
DA:202,12
DA:203,12
DA:204,12
DA:205,12
DA:206,9
DA:207,9
DA:208,3
DA:209,3
DA:210,3
DA:211,3
DA:212,3
DA:213,3
DA:214,12
DA:216,16
DA:217,1
DA:218,1
DA:219,1
DA:220,1
DA:221,1
DA:231,16
DA:232,11
DA:233,11
DA:234,11
DA:235,11
DA:236,11
DA:237,11
DA:238,11
DA:239,13
DA:240,1
DA:241,1
DA:242,1
DA:243,12
DA:244,11
DA:245,11
DA:246,11
DA:247,11
DA:248,1
DA:249,1
DA:250,7
DA:251,11
DA:254,16
DA:255,1
DA:256,1
DA:257,1
DA:258,1
DA:261,16
DA:262,1
DA:263,1
DA:264,1
DA:265,1
DA:266,1
DA:267,1
DA:268,1
DA:278,16
DA:279,0
DA:280,0
DA:281,0
DA:282,0
DA:283,0
DA:284,0
DA:285,0
DA:286,0
DA:287,0
DA:288,0
DA:289,0
DA:290,0
DA:291,0
DA:292,0
DA:293,0
DA:294,0
DA:295,0
DA:296,0
DA:297,0
DA:298,0
DA:301,16
DA:302,0
DA:303,0
DA:304,0
DA:305,0
DA:308,16
DA:309,0
DA:310,0
DA:311,0
DA:312,0
DA:313,0
DA:314,0
DA:315,0
DA:321,16
DA:322,0
DA:323,0
DA:324,0
DA:325,0
DA:326,0
DA:327,0
DA:328,0
DA:331,16
DA:332,0
DA:333,0
DA:334,0
DA:335,0
DA:336,0
DA:337,0
DA:338,0
DA:344,16
DA:345,2
DA:346,2
DA:349,16
DA:350,1
DA:351,1
DA:353,16
DA:354,1
DA:355,1
DA:356,1
DA:357,1
DA:358,1
DA:359,1
DA:360,1
DA:366,16
DA:367,0
DA:368,0
DA:369,0
DA:370,0
DA:371,0
DA:372,0
DA:373,0
DA:374,0
DA:375,0
DA:376,0
DA:377,0
DA:378,0
DA:379,0
DA:380,0
DA:381,0
DA:382,0
DA:383,0
DA:384,0
DA:385,0
DA:386,0
DA:392,16
DA:393,0
DA:394,0
DA:395,0
DA:396,0
DA:397,0
DA:398,0
DA:399,0
DA:400,0
DA:401,0
DA:402,0
DA:403,0
DA:404,0
DA:405,0
DA:406,0
DA:407,0
DA:408,0
DA:409,0
DA:410,0
DA:411,0
DA:412,0
DA:418,16
DA:419,0
DA:420,0
DA:421,0
DA:422,0
DA:423,0
DA:424,0
DA:425,0
DA:426,0
DA:427,0
DA:428,0
DA:429,0
DA:430,0
DA:431,0
DA:432,0
DA:433,0
DA:434,0
DA:435,0
DA:436,0
DA:437,0
DA:438,0
DA:440,16
DA:441,0
DA:442,0
DA:443,0
DA:444,0
DA:445,0
DA:446,0
DA:447,0
DA:449,16
DA:450,0
DA:451,0
DA:452,0
DA:453,0
DA:454,0
DA:455,0
DA:456,0
DA:458,16
DA:459,0
DA:460,0
DA:462,16
DA:463,0
DA:464,0
DA:470,16
DA:471,0
DA:472,0
DA:473,0
DA:474,0
DA:475,0
DA:476,0
DA:477,0
DA:479,16
DA:480,0
DA:481,0
DA:482,0
DA:483,0
DA:484,0
DA:485,0
DA:486,0
DA:493,16
DA:494,1
DA:495,1
DA:498,16
DA:499,1
DA:500,1
DA:503,16
DA:504,0
DA:505,0
DA:506,0
DA:507,0
DA:510,16
DA:511,1
DA:512,1
DA:515,16
DA:516,1
DA:517,1
DA:520,16
DA:521,0
DA:522,0
DA:523,0
DA:524,0
DA:525,16
LF:350
LH:203
BRDA:92,0,0,12
BRDA:107,1,0,16
BRDA:118,2,0,16
BRDA:120,3,0,3
BRDA:120,4,0,3
BRDA:121,5,0,13
BRDA:125,6,0,11
BRDA:132,7,0,0
BRDA:135,8,0,0
BRDA:138,9,0,0
BRDA:144,10,0,18
BRDA:146,11,0,17
BRDA:154,12,0,18
BRDA:155,13,0,1
BRDA:155,14,0,17
BRDA:167,15,0,2
BRDA:169,16,0,0
BRDA:175,17,0,15
BRDA:179,18,0,17
BRDA:182,19,0,10
BRDA:185,20,0,5
BRDA:188,21,0,2
BRDA:190,22,0,3
BRDA:197,23,0,1
BRDA:201,24,0,12
BRDA:205,25,0,10
BRDA:205,26,0,9
BRDA:207,27,0,3
BRDA:216,28,0,1
BRDA:220,29,0,0
BRDA:231,30,0,11
BRDA:246,31,0,7
BRDA:247,32,0,1
BRDA:249,33,0,7
BRDA:237,34,0,11
BRDA:238,35,0,13
BRDA:239,36,0,1
BRDA:242,37,0,12
BRDA:254,38,0,1
BRDA:261,39,0,1
BRDA:344,40,0,2
BRDA:345,41,0,2
BRDA:349,42,0,1
BRDA:353,43,0,1
BRDA:357,44,0,1
BRDA:357,45,0,1
BRDA:493,46,0,1
BRDA:494,47,0,1
BRDA:498,48,0,1
BRDA:510,49,0,1
BRDA:515,50,0,1
BRF:51
BRH:46
end_of_record
TN:
SF:src/config.ts
FNF:0
FNH:0
DA:8,1
DA:9,1
DA:44,1
DA:45,1
DA:46,1
DA:47,1
DA:48,1
DA:49,1
DA:50,1
LF:9
LH:9
BRF:0
BRH:0
end_of_record
TN:
SF:src/errors.ts
FN:52,<instance_members_initializer>
FN:64,OllamaClientError
FN:77,OllamaNetworkError
FN:82,<instance_members_initializer>
FN:85,OllamaTimeoutError
FN:94,<instance_members_initializer>
FN:98,OllamaValidationError
FN:108,OllamaAuthError
FN:114,OllamaNotFoundError
FN:119,<instance_members_initializer>
FN:123,OllamaRateLimitError
FN:133,OllamaServerError
FN:139,OllamaUnsupportedFeatureError
FN:146,OllamaAbortError
FN:156,OllamaGenericClientError
FN:161,isDomAbortError
FN:170,isUpstreamResponseError
FN:178,statusToError
FN:203,mapError
FNF:19
FNH:18
FNDA:38,<instance_members_initializer>
FNDA:38,OllamaClientError
FNDA:10,OllamaNetworkError
FNDA:3,<instance_members_initializer>
FNDA:3,OllamaTimeoutError
FNDA:3,<instance_members_initializer>
FNDA:3,OllamaValidationError
FNDA:3,OllamaAuthError
FNDA:5,OllamaNotFoundError
FNDA:1,<instance_members_initializer>
FNDA:1,OllamaRateLimitError
FNDA:4,OllamaServerError
FNDA:0,OllamaUnsupportedFeatureError
FNDA:4,OllamaAbortError
FNDA:5,OllamaGenericClientError
FNDA:26,isDomAbortError
FNDA:25,isUpstreamResponseError
FNDA:14,statusToError
FNDA:36,mapError
DA:52,1
DA:54,38
DA:56,38
DA:58,38
DA:60,38
DA:62,38
DA:64,38
DA:65,38
DA:66,38
DA:67,38
DA:68,38
DA:69,38
DA:70,38
DA:71,38
DA:72,38
DA:73,38
DA:74,38
DA:76,1
DA:77,1
DA:78,10
DA:79,10
DA:80,1
DA:82,1
DA:83,3
DA:85,3
DA:86,3
DA:87,3
DA:88,3
DA:89,3
DA:90,3
DA:91,3
DA:92,3
DA:94,1
DA:96,3
DA:98,3
DA:99,3
DA:100,3
DA:101,3
DA:102,3
DA:103,3
DA:104,3
DA:105,3
DA:107,1
DA:108,1
DA:109,3
DA:110,3
DA:111,1
DA:113,1
DA:114,1
DA:115,5
DA:116,5
DA:117,1
DA:119,1
DA:121,1
DA:123,1
DA:124,1
DA:125,1
DA:126,1
DA:127,1
DA:128,1
DA:129,1
DA:130,1
DA:132,1
DA:133,1
DA:134,4
DA:135,4
DA:136,1
DA:138,1
DA:139,1
DA:140,0
DA:141,0
DA:142,1
DA:145,1
DA:146,1
DA:147,4
DA:148,4
DA:149,4
DA:150,4
DA:151,4
DA:152,1
DA:155,1
DA:156,1
DA:157,5
DA:158,5
DA:159,1
DA:161,26
DA:162,26
DA:163,26
DA:164,26
DA:165,1
DA:167,26
DA:170,25
DA:171,25
DA:172,25
DA:173,24
DA:174,9
DA:176,25
DA:178,14
DA:179,14
DA:180,14
DA:181,14
DA:182,14
DA:183,14
DA:184,1
DA:185,1
DA:186,14
DA:187,5
DA:188,5
DA:189,14
DA:190,1
DA:191,1
DA:192,12
DA:193,4
DA:194,4
DA:195,3
DA:196,3
DA:203,1
DA:204,36
DA:205,36
DA:206,36
DA:207,36
DA:208,10
DA:209,10
DA:211,36
DA:212,1
DA:213,1
DA:214,1
DA:215,1
DA:216,1
DA:218,36
DA:219,9
DA:220,9
DA:221,9
DA:222,9
DA:223,9
DA:224,9
DA:226,23
DA:229,9
DA:230,9
DA:231,9
DA:232,9
DA:233,9
DA:235,36
DA:236,5
DA:237,5
DA:238,5
DA:239,5
DA:240,5
DA:241,5
DA:242,5
DA:244,36
DA:245,36
DA:246,36
DA:247,36
DA:248,36
DA:249,36
DA:250,36
LF:157
LH:155
BRDA:52,0,0,38
BRDA:64,1,0,38
BRDA:71,2,0,0
BRDA:77,3,0,10
BRDA:82,4,0,3
BRDA:85,5,0,3
BRDA:94,6,0,3
BRDA:98,7,0,3
BRDA:108,8,0,3
BRDA:114,9,0,5
BRDA:119,10,0,1
BRDA:123,11,0,1
BRDA:133,12,0,4
BRDA:146,13,0,4
BRDA:156,14,0,5
BRDA:161,15,0,26
BRDA:164,16,0,1
BRDA:170,17,0,25
BRDA:172,18,0,24
BRDA:173,19,0,9
BRDA:178,20,0,14
BRDA:183,21,0,13
BRDA:183,22,0,1
BRDA:185,23,0,13
BRDA:186,24,0,10
BRDA:186,25,0,5
BRDA:188,26,0,8
BRDA:189,27,0,12
BRDA:189,28,0,1
BRDA:191,29,0,7
BRDA:192,30,0,8
BRDA:192,31,0,4
BRDA:194,32,0,3
BRDA:203,33,0,36
BRDA:207,34,0,27
BRDA:207,35,0,10
BRDA:209,36,0,26
BRDA:211,37,0,1
BRDA:212,38,0,0
BRDA:216,39,0,25
BRDA:218,40,0,9
BRDA:224,41,0,34
BRDA:224,42,0,23
BRDA:224,43,0,16
BRDA:226,44,0,9
BRDA:229,45,0,0
BRDA:233,46,0,16
BRDA:233,47,0,7
BRDA:235,48,0,5
BRDA:235,49,0,16
BRDA:235,50,0,5
BRDA:236,51,0,0
BRDA:242,52,0,12
BRDA:242,53,0,2
BRDA:244,54,0,1
BRDA:244,55,0,1
BRF:56
BRH:52
end_of_record
TN:
SF:src/index.ts
FN:1,(empty-report)
FNF:1
FNH:0
FNDA:0,(empty-report)
DA:1,0
DA:19,0
DA:21,0
DA:43,0
DA:53,0
DA:56,0
DA:58,0
DA:60,0
DA:62,0
DA:64,0
DA:67,0
DA:88,0
DA:95,0
DA:101,0
DA:104,0
DA:106,0
LF:16
LH:0
BRDA:1,0,0,0
BRF:1
BRH:0
end_of_record
TN:
SF:src/logger.ts
FN:22,debug
FN:23,info
FN:24,warn
FN:25,error
FN:29,<instance_members_initializer>
FN:91,createLifecycleDispatcher
FNF:6
FNH:4
FNDA:29,debug
FNDA:0,info
FNDA:3,warn
FNDA:3,error
FNDA:0,<instance_members_initializer>
FNDA:16,createLifecycleDispatcher
DA:21,1
DA:22,1
DA:23,1
DA:24,1
DA:25,1
DA:26,1
DA:29,1
DA:30,0
DA:31,0
DA:32,0
DA:33,0
DA:35,0
DA:36,0
DA:37,0
DA:38,0
DA:40,0
DA:41,0
DA:42,0
DA:44,0
DA:45,0
DA:46,0
DA:48,0
DA:49,0
DA:50,0
DA:52,0
DA:53,0
DA:54,0
DA:55,0
DA:91,1
DA:92,16
DA:93,16
DA:94,16
DA:95,16
DA:96,32
DA:97,0
DA:98,0
DA:99,0
DA:100,0
DA:101,0
DA:102,0
DA:103,32
DA:104,32
DA:105,18
DA:106,18
DA:107,32
DA:108,11
DA:109,11
DA:110,32
DA:111,0
DA:112,0
DA:113,32
DA:114,3
DA:115,3
DA:116,32
DA:117,32
DA:118,16
LF:56
LH:27
BRDA:22,0,0,29
BRDA:24,1,0,3
BRDA:25,2,0,3
BRDA:91,3,0,16
BRDA:95,4,0,32
BRDA:96,5,0,0
BRDA:104,6,0,18
BRDA:107,7,0,11
BRDA:110,8,0,0
BRDA:113,9,0,3
BRF:10
BRH:8
end_of_record
TN:
SF:src/middleware.ts
FN:57,<instance_members_initializer>
FN:58,MiddlewarePipeline
FN:60,get size
FN:64,runRequest
FN:70,runResponse
FN:76,runError
FN:82,decideRetry
FNF:7
FNH:7
FNDA:33,<instance_members_initializer>
FNDA:33,MiddlewarePipeline
FNDA:1,get size
FNDA:39,runRequest
FNDA:27,runResponse
FNDA:10,runError
FNDA:22,decideRetry
DA:57,1
DA:58,33
DA:60,33
DA:61,1
DA:62,1
DA:64,33
DA:65,39
DA:66,3
DA:67,3
DA:68,39
DA:70,33
DA:71,27
DA:72,3
DA:73,3
DA:74,27
DA:76,33
DA:77,10
DA:78,2
DA:79,2
DA:80,10
DA:82,33
DA:83,22
DA:84,22
DA:85,5
DA:86,5
DA:87,3
DA:88,3
DA:89,5
DA:90,22
DA:91,22
DA:92,33
LF:31
LH:31
BRDA:57,0,0,33
BRDA:58,1,0,33
BRDA:60,2,0,1
BRDA:64,3,0,39
BRDA:65,4,0,3
BRDA:70,5,0,27
BRDA:71,6,0,3
BRDA:76,7,0,10
BRDA:77,8,0,2
BRDA:82,9,0,22
BRDA:84,10,0,5
BRDA:86,11,0,3
BRF:12
BRH:12
end_of_record
TN:
SF:src/usage.ts
FN:39,nanosToMs
FN:48,extractUsage
FNF:2
FNH:2
FNDA:44,nanosToMs
FNDA:11,extractUsage
DA:11,1
DA:12,1
DA:39,44
DA:40,44
DA:41,44
DA:48,1
DA:49,11
DA:50,11
DA:51,11
DA:52,2
DA:53,9
DA:54,11
DA:55,11
DA:56,2
DA:57,9
DA:59,11
DA:60,11
DA:61,11
DA:62,11
DA:63,11
DA:64,11
DA:65,11
DA:66,11
DA:67,11
DA:68,11
DA:69,11
LF:26
LH:26
BRDA:39,0,0,44
BRDA:40,1,0,12
BRDA:40,2,0,32
BRDA:48,3,0,11
BRDA:51,4,0,3
BRDA:51,5,0,2
BRDA:52,6,0,9
BRDA:53,7,0,1
BRDA:53,8,0,1
BRDA:55,9,0,8
BRDA:55,10,0,2
BRDA:56,11,0,9
BRF:12
BRH:12
end_of_record
TN:
SF:src/adapter/ollama-adapter.ts
FN:48,<instance_members_initializer>
FN:51,OllamaAdapter
FN:59,context
FN:70,chat
FN:87,generate
FN:102,embed
FN:110,embeddings
FN:120,list
FN:128,show
FN:140,pull
FN:159,push
FN:178,create
FN:193,delete
FN:203,copy
FN:211,ps
FN:219,version
FN:227,webSearch
FN:235,webFetch
FN:244,abortAll
FNF:19
FNH:6
FNDA:24,<instance_members_initializer>
FNDA:24,OllamaAdapter
FNDA:7,context
FNDA:15,chat
FNDA:0,generate
FNDA:0,embed
FNDA:0,embeddings
FNDA:4,list
FNDA:5,show
FNDA:0,pull
FNDA:0,push
FNDA:0,create
FNDA:0,delete
FNDA:0,copy
FNDA:0,ps
FNDA:0,version
FNDA:0,webSearch
FNDA:0,webFetch
FNDA:0,abortAll
DA:1,1
DA:28,1
DA:48,1
DA:49,24
DA:51,24
DA:52,24
DA:53,24
DA:54,24
DA:55,24
DA:56,24
DA:57,24
DA:59,24
DA:60,7
DA:61,7
DA:62,7
DA:63,7
DA:64,7
DA:70,24
DA:71,15
DA:72,15
DA:73,2
DA:74,2
DA:75,13
DA:76,15
DA:77,4
DA:78,4
DA:79,4
DA:80,4
DA:81,15
DA:87,24
DA:88,0
DA:89,0
DA:90,0
DA:91,0
DA:92,0
DA:93,0
DA:94,0
DA:95,0
DA:96,0
DA:97,0
DA:98,0
DA:99,0
DA:100,0
DA:102,24
DA:103,0
DA:104,0
DA:105,0
DA:106,0
DA:107,0
DA:108,0
DA:110,24
DA:111,0
DA:112,0
DA:113,0
DA:114,0
DA:115,0
DA:116,0
DA:117,0
DA:118,0
DA:120,24
DA:121,4
DA:122,4
DA:123,4
DA:124,1
DA:125,1
DA:126,4
DA:128,24
DA:129,5
DA:130,5
DA:131,5
DA:132,2
DA:133,2
DA:134,5
DA:140,24
DA:141,0
DA:142,0
DA:143,0
DA:144,0
DA:145,0
DA:146,0
DA:147,0
DA:148,0
DA:149,0
DA:150,0
DA:151,0
DA:152,0
DA:153,0
DA:159,24
DA:160,0
DA:161,0
DA:162,0
DA:163,0
DA:164,0
DA:165,0
DA:166,0
DA:167,0
DA:168,0
DA:169,0
DA:170,0
DA:171,0
DA:172,0
DA:178,24
DA:179,0
DA:180,0
DA:181,0
DA:182,0
DA:183,0
DA:184,0
DA:185,0
DA:186,0
DA:187,0
DA:188,0
DA:189,0
DA:190,0
DA:191,0
DA:193,24
DA:194,0
DA:195,0
DA:196,0
DA:197,0
DA:198,0
DA:199,0
DA:200,0
DA:201,0
DA:203,24
DA:204,0
DA:205,0
DA:206,0
DA:207,0
DA:208,0
DA:209,0
DA:211,24
DA:212,0
DA:213,0
DA:214,0
DA:215,0
DA:216,0
DA:217,0
DA:219,24
DA:220,0
DA:221,0
DA:222,0
DA:223,0
DA:224,0
DA:225,0
DA:227,24
DA:228,0
DA:229,0
DA:230,0
DA:231,0
DA:232,0
DA:233,0
DA:235,24
DA:236,0
DA:237,0
DA:238,0
DA:239,0
DA:240,0
DA:241,0
DA:244,24
DA:245,0
DA:246,0
DA:247,24
LF:163
LH:57
BRDA:48,0,0,24
BRDA:51,1,0,24
BRDA:59,2,0,7
BRDA:70,3,0,15
BRDA:72,4,0,14
BRDA:72,5,0,2
BRDA:74,6,0,13
BRDA:76,7,0,4
BRDA:120,8,0,4
BRDA:123,9,0,1
BRDA:128,10,0,5
BRDA:131,11,0,2
BRF:12
BRH:12
end_of_record
TN:
SF:src/capabilities/capabilities.ts
FN:15,inferRuntimeMode
FN:51,detectModelCapabilities
FN:70,listAvailableModels
FNF:3
FNH:3
FNDA:7,inferRuntimeMode
FNDA:3,detectModelCapabilities
FNDA:2,listAvailableModels
DA:6,1
DA:15,1
DA:16,7
DA:17,7
DA:18,7
DA:19,4
DA:20,4
DA:21,2
DA:22,2
DA:23,1
DA:24,1
DA:25,7
DA:51,3
DA:52,3
DA:53,3
DA:54,3
DA:55,3
DA:56,3
DA:57,3
DA:58,3
DA:59,3
DA:60,3
DA:61,3
DA:62,3
DA:63,3
DA:64,3
DA:65,3
DA:66,3
DA:67,3
DA:70,2
DA:71,2
DA:72,2
DA:73,2
LF:33
LH:33
BRDA:15,0,0,7
BRDA:18,1,0,5
BRDA:18,2,0,5
BRDA:18,3,0,4
BRDA:20,4,0,2
BRDA:22,5,0,1
BRDA:51,6,0,3
BRDA:56,7,0,1
BRDA:70,8,0,2
BRF:9
BRH:9
end_of_record
TN:
SF:src/providers/endpoint-registry.ts
FN:46,<instance_members_initializer>
FN:53,EndpointRegistry
FN:73,list
FN:83,candidates
FN:98,reportSuccess
FN:105,reportFailure
FN:114,status
FNF:7
FNH:6
FNDA:23,<instance_members_initializer>
FNDA:23,EndpointRegistry
FNDA:0,list
FNDA:21,candidates
FNDA:11,reportSuccess
FNDA:10,reportFailure
FNDA:6,status
DA:46,1
DA:47,23
DA:48,23
DA:49,23
DA:50,23
DA:51,23
DA:53,23
DA:54,23
DA:55,1
DA:56,1
DA:57,22
DA:58,23
DA:59,29
DA:60,1
DA:61,1
DA:62,28
DA:63,28
DA:64,21
DA:65,23
DA:66,27
DA:67,27
DA:68,23
DA:69,23
DA:70,23
DA:71,23
DA:73,23
DA:74,0
DA:75,0
DA:83,23
DA:84,21
DA:85,21
DA:86,28
DA:87,28
DA:88,21
DA:89,21
DA:91,1
DA:92,1
DA:93,1
DA:94,1
DA:95,1
DA:96,21
DA:98,23
DA:99,11
DA:100,11
DA:101,11
DA:102,11
DA:103,11
DA:105,23
DA:106,10
DA:107,10
DA:108,10
DA:109,10
DA:110,4
DA:111,4
DA:112,10
DA:114,23
DA:115,6
DA:116,6
DA:117,8
DA:118,8
DA:119,8
DA:120,8
DA:121,8
DA:122,8
DA:123,8
DA:124,6
DA:125,6
DA:126,23
LF:68
LH:66
BRDA:46,0,0,23
BRDA:53,1,0,23
BRDA:54,2,0,1
BRDA:56,3,0,22
BRDA:58,4,0,29
BRDA:59,5,0,1
BRDA:61,6,0,28
BRDA:63,7,0,21
BRDA:65,8,0,27
BRDA:67,9,0,21
BRDA:68,10,0,17
BRDA:69,11,0,18
BRDA:70,12,0,17
BRDA:64,13,0,6
BRDA:64,14,0,2
BRDA:64,15,0,2
BRDA:83,16,0,21
BRDA:89,17,0,20
BRDA:89,18,0,1
BRDA:85,19,0,28
BRDA:87,20,0,3
BRDA:92,21,0,1
BRDA:93,22,0,0
BRDA:94,23,0,0
BRDA:98,24,0,11
BRDA:100,25,0,0
BRDA:105,26,0,10
BRDA:107,27,0,0
BRDA:109,28,0,4
BRDA:114,29,0,6
BRDA:116,30,0,8
BRDA:117,31,0,0
BRDA:120,32,0,3
BRF:33
BRH:28
end_of_record
TN:
SF:src/providers/health-check.ts
FN:18,checkEndpointHealth
FNF:1
FNH:0
FNDA:0,checkEndpointHealth
DA:18,0
DA:19,0
DA:20,0
DA:21,0
DA:22,0
DA:23,0
DA:24,0
DA:25,0
DA:26,0
DA:27,0
DA:28,0
DA:29,0
DA:30,0
DA:31,0
DA:32,0
DA:33,0
DA:34,0
DA:35,0
DA:36,0
DA:37,0
DA:38,0
DA:39,0
DA:40,0
DA:41,0
DA:42,0
DA:43,0
DA:44,0
DA:45,0
DA:46,0
DA:47,0
DA:48,0
DA:49,0
DA:50,0
DA:51,0
DA:52,0
LF:35
LH:0
BRF:0
BRH:0
end_of_record
TN:
SF:src/schema/zod.ts
FN:17,zodToOllamaFormat
FN:27,parseStructuredOutput
FNF:2
FNH:2
FNDA:2,zodToOllamaFormat
FNDA:5,parseStructuredOutput
DA:1,1
DA:2,1
DA:17,1
DA:18,2
DA:19,2
DA:27,1
DA:28,5
DA:29,5
DA:30,5
DA:31,5
DA:32,5
DA:33,5
DA:34,5
DA:35,1
DA:36,1
DA:37,1
DA:38,1
DA:39,1
DA:41,4
DA:42,5
DA:43,2
DA:44,2
DA:45,2
DA:46,2
DA:47,2
DA:48,2
DA:49,2
LF:27
LH:27
BRDA:17,0,0,2
BRDA:27,1,0,5
BRDA:34,2,0,1
BRDA:39,3,0,4
BRDA:42,4,0,2
BRF:5
BRH:5
end_of_record
TN:
SF:src/streaming/index.ts
FNF:0
FNH:0
DA:1,1
DA:2,1
LF:2
LH:2
BRF:0
BRH:0
end_of_record
TN:
SF:src/streaming/normalize.ts
FN:14,aggregateChat
FN:36,mapChatChunk
FN:60,normalizeChatStream
FN:71,aggregateGenerate
FN:85,mapGenerateChunk
FN:105,normalizeGenerateStream
FN:112,isProgressDone
FN:116,aggregateProgress
FN:129,mapProgressChunk
FN:143,normalizeProgressStream
FNF:10
FNH:7
FNDA:13,aggregateChat
FNDA:13,mapChatChunk
FNDA:8,normalizeChatStream
FNDA:0,aggregateGenerate
FNDA:0,mapGenerateChunk
FNDA:0,normalizeGenerateStream
FNDA:4,isProgressDone
FNDA:2,aggregateProgress
FNDA:2,mapProgressChunk
FNDA:1,normalizeProgressStream
DA:2,1
DA:3,1
DA:12,1
DA:14,13
DA:15,13
DA:16,13
DA:17,13
DA:18,13
DA:19,13
DA:20,13
DA:21,13
DA:22,1
DA:23,12
DA:24,13
DA:25,1
DA:26,12
DA:27,13
DA:28,13
DA:29,13
DA:30,13
DA:31,13
DA:32,13
DA:33,13
DA:34,13
DA:36,13
DA:37,13
DA:38,13
DA:39,13
DA:40,13
DA:41,13
DA:43,13
DA:44,1
DA:45,1
DA:46,13
DA:47,1
DA:48,1
DA:49,13
DA:50,5
DA:51,5
DA:52,13
DA:53,13
DA:54,6
DA:55,6
DA:56,13
DA:57,13
DA:60,1
DA:61,8
DA:62,8
DA:63,8
DA:64,8
DA:65,8
DA:66,8
DA:67,8
DA:68,8
DA:69,8
DA:71,0
DA:72,0
DA:73,0
DA:74,0
DA:75,0
DA:76,0
DA:77,0
DA:78,0
DA:79,0
DA:80,0
DA:81,0
DA:82,0
DA:83,0
DA:85,0
DA:86,0
DA:87,0
DA:88,0
DA:89,0
DA:91,0
DA:92,0
DA:93,0
DA:94,0
DA:95,0
DA:96,0
DA:97,0
DA:98,0
DA:99,0
DA:100,0
DA:101,0
DA:102,0
DA:105,1
DA:106,0
DA:107,0
DA:108,0
DA:109,0
DA:110,0
DA:112,4
DA:113,4
DA:114,4
DA:116,2
DA:117,2
DA:118,2
DA:119,2
DA:120,2
DA:121,2
DA:122,2
DA:123,2
DA:124,2
DA:125,2
DA:126,2
DA:127,2
DA:129,2
DA:130,2
DA:131,2
DA:132,2
DA:133,2
DA:134,2
DA:135,2
DA:136,2
DA:137,1
DA:138,1
DA:139,2
DA:140,2
DA:143,1
DA:144,1
DA:145,1
DA:146,1
DA:147,1
DA:148,1
LF:124
LH:89
BRDA:14,0,0,13
BRDA:15,1,0,0
BRDA:18,2,0,0
BRDA:19,3,0,0
BRDA:21,4,0,1
BRDA:22,5,0,12
BRDA:24,6,0,1
BRDA:24,7,0,1
BRDA:25,8,0,12
BRDA:30,9,0,6
BRDA:30,10,0,7
BRDA:31,11,0,6
BRDA:31,12,0,7
BRDA:36,13,0,13
BRDA:43,14,0,1
BRDA:46,15,0,12
BRDA:46,16,0,1
BRDA:49,17,0,5
BRDA:53,18,0,6
BRDA:60,19,0,8
BRDA:112,20,0,4
BRDA:116,21,0,2
BRDA:129,22,0,2
BRDA:136,23,0,1
BRDA:143,24,0,1
BRF:25
BRH:22
end_of_record
TN:
SF:src/streaming/stream.ts
FN:19,<instance_members_initializer>
FN:28,OllamaStream
FN:46,get finalResult
FN:51,abort
FN:56,on
FN:85,emit
FN:91,pump
FNF:7
FNH:7
FNDA:10,<instance_members_initializer>
FNDA:10,OllamaStream
FNDA:6,get finalResult
FNDA:1,abort
FNDA:5,on
FNDA:6,emit
FNDA:2,pump
DA:1,1
DA:19,1
DA:21,10
DA:22,10
DA:23,10
DA:24,10
DA:25,10
DA:26,10
DA:28,10
DA:29,10
DA:30,10
DA:34,10
DA:35,10
DA:36,10
DA:37,10
DA:38,10
DA:39,10
DA:40,10
DA:42,10
DA:43,10
DA:46,10
DA:47,6
DA:48,6
DA:51,10
DA:52,1
DA:53,1
DA:56,10
DA:57,5
DA:58,5
DA:59,5
DA:60,5
DA:61,1
DA:62,1
DA:63,1
DA:64,1
DA:67,4
DA:68,4
DA:69,4
DA:70,4
DA:71,4
DA:72,4
DA:73,4
DA:75,5
DA:76,2
DA:77,2
DA:78,2
DA:80,4
DA:81,0
DA:82,0
DA:83,5
DA:85,10
DA:86,6
DA:87,3
DA:88,3
DA:89,6
DA:91,10
DA:92,2
DA:93,2
DA:94,2
DA:95,3
DA:96,3
DA:97,6
DA:98,6
DA:99,2
DA:100,2
DA:101,6
DA:102,3
DA:103,2
DA:104,0
DA:105,0
DA:106,0
DA:107,0
DA:108,2
DA:110,10
DA:114,8
DA:115,8
DA:116,1
DA:117,1
DA:118,1
DA:119,1
DA:120,7
DA:121,7
DA:122,7
DA:123,8
DA:124,15
DA:125,15
DA:126,15
DA:127,25
DA:128,5
DA:129,5
DA:130,25
DA:131,24
DA:132,14
DA:133,8
DA:134,1
DA:135,1
DA:136,1
DA:137,1
DA:138,8
DA:139,10
LF:100
LH:94
BRDA:19,0,0,10
BRDA:28,1,0,10
BRDA:37,2,0,10
BRDA:42,3,0,1
BRDA:46,4,0,6
BRDA:51,5,0,1
BRDA:56,6,0,5
BRDA:60,7,0,1
BRDA:64,8,0,4
BRDA:75,9,0,2
BRDA:78,10,0,4
BRDA:85,11,0,6
BRDA:86,12,0,3
BRDA:86,13,0,3
BRDA:91,14,0,2
BRDA:94,15,0,3
BRDA:96,16,0,6
BRDA:98,17,0,2
BRDA:103,18,0,0
BRDA:110,19,0,8
BRDA:115,20,0,1
BRDA:119,21,0,7
BRDA:123,22,0,15
BRDA:126,23,0,25
BRDA:127,24,0,5
BRDA:130,25,0,24
BRDA:131,26,0,14
BRDA:132,27,0,5
BRDA:133,28,0,1
BRF:29
BRH:28
end_of_record
TN:
SF:src/streaming/types.ts
FN:1,(empty-report)
FNF:1
FNH:1
FNDA:1,(empty-report)
LF:0
LH:0
BRDA:1,0,0,1
BRF:1
BRH:1
end_of_record
TN:
SF:src/transport/backoff.ts
FN:14,computeBackoffDelayMs
FNF:1
FNH:1
FNDA:32,computeBackoffDelayMs
DA:14,1
DA:15,32
DA:16,32
DA:17,32
DA:18,20
DA:19,20
LF:6
LH:6
BRDA:14,0,0,32
BRDA:17,1,0,12
BRDA:17,2,0,20
BRF:3
BRH:3
end_of_record
TN:
SF:src/transport/enhanced-fetch.ts
FN:27,normalizeHeaders
FN:42,resolveUrl
FN:48,tryParseJsonBody
FN:57,generateRequestId
FN:64,classifyThrownError
FN:86,createEnhancedFetch
FN:87,enhancedFetch
FNF:7
FNH:7
FNDA:37,normalizeHeaders
FNDA:29,resolveUrl
FNDA:37,tryParseJsonBody
FNDA:29,generateRequestId
FNDA:9,classifyThrownError
FNDA:28,createEnhancedFetch
FNDA:29,enhancedFetch
DA:2,1
DA:5,1
DA:7,1
DA:8,1
DA:27,37
DA:28,37
DA:29,18
DA:30,0
DA:31,0
DA:32,0
DA:33,0
DA:34,0
DA:35,0
DA:36,18
DA:37,0
DA:38,0
DA:39,18
DA:40,18
DA:42,29
DA:43,29
DA:44,0
DA:45,0
DA:46,0
DA:48,37
DA:49,37
DA:50,16
DA:51,16
DA:52,37
DA:53,0
DA:54,0
DA:55,37
DA:57,29
DA:58,29
DA:59,29
DA:60,29
DA:61,0
DA:62,0
DA:64,9
DA:65,9
DA:66,9
DA:67,9
DA:68,9
DA:69,2
DA:70,2
DA:71,1
DA:72,1
DA:73,1
DA:74,1
DA:75,1
DA:76,2
DA:77,7
DA:78,7
DA:86,1
DA:87,28
DA:88,29
DA:89,29
DA:90,29
DA:91,29
DA:92,29
DA:93,29
DA:94,29
DA:96,29
DA:97,37
DA:99,37
DA:100,37
DA:101,37
DA:102,37
DA:103,37
DA:104,37
DA:105,37
DA:106,37
DA:107,37
DA:108,37
DA:109,37
DA:110,37
DA:112,37
DA:113,37
DA:114,37
DA:116,37
DA:117,37
DA:118,37
DA:119,37
DA:120,37
DA:121,37
DA:122,37
DA:123,37
DA:124,37
DA:125,9
DA:126,37
DA:127,35
DA:128,35
DA:129,35
DA:131,37
DA:132,26
DA:133,26
DA:135,26
DA:136,16
DA:137,16
DA:138,16
DA:139,16
DA:140,16
DA:141,16
DA:142,16
DA:143,16
DA:144,16
DA:145,16
DA:146,16
DA:147,16
DA:149,10
DA:150,26
DA:151,26
DA:152,26
DA:153,26
DA:154,26
DA:155,26
DA:157,15
DA:158,5
DA:159,5
DA:160,5
DA:162,26
DA:163,5
DA:164,5
DA:165,5
DA:166,5
DA:167,5
DA:168,5
DA:169,5
DA:170,5
DA:171,5
DA:172,5
DA:173,5
DA:174,5
DA:175,5
DA:177,9
DA:178,9
DA:179,9
DA:180,9
DA:181,9
DA:182,9
DA:183,9
DA:184,9
DA:185,9
DA:186,9
DA:187,9
DA:188,9
DA:190,9
DA:191,9
DA:192,9
DA:193,9
DA:194,9
DA:195,8
DA:196,7
DA:197,37
DA:198,37
DA:199,37
DA:200,37
DA:201,37
DA:202,37
DA:204,22
DA:205,6
DA:206,6
DA:207,6
DA:209,3
DA:210,3
DA:211,3
DA:212,3
DA:213,3
DA:214,3
DA:215,3
DA:216,3
DA:217,3
DA:218,3
DA:219,3
DA:220,3
DA:221,29
DA:222,28
LF:176
LH:161
BRDA:27,0,0,37
BRDA:28,1,0,19
BRDA:28,2,0,18
BRDA:29,3,0,0
BRDA:36,4,0,0
BRDA:42,5,0,29
BRDA:43,6,0,0
BRDA:48,7,0,37
BRDA:49,8,0,21
BRDA:49,9,0,16
BRDA:52,10,0,0
BRDA:57,11,0,29
BRDA:60,12,0,0
BRDA:64,13,0,9
BRDA:68,14,0,2
BRDA:70,15,0,1
BRDA:74,16,0,1
BRDA:76,17,0,7
BRDA:86,18,0,28
BRDA:87,19,0,29
BRDA:92,20,0,20
BRDA:92,21,0,12
BRDA:96,22,0,37
BRDA:101,23,0,20
BRDA:102,24,0,19
BRDA:105,25,0,20
BRDA:112,26,0,20
BRDA:112,27,0,35
BRDA:123,28,0,26
BRDA:124,29,0,9
BRDA:126,30,0,35
BRDA:131,31,0,26
BRDA:135,32,0,16
BRDA:145,33,0,0
BRDA:147,34,0,10
BRDA:150,35,0,7
BRDA:155,36,0,15
BRDA:155,37,0,10
BRDA:157,38,0,5
BRDA:158,39,0,0
BRDA:160,40,0,5
BRDA:162,41,0,5
BRDA:175,42,0,22
BRDA:175,43,0,9
BRDA:194,44,0,8
BRDA:195,45,0,1
BRDA:195,46,0,7
BRDA:197,47,0,8
BRDA:202,48,0,22
BRDA:202,49,0,9
BRDA:204,50,0,6
BRDA:205,51,0,0
BRDA:207,52,0,3
BRF:53
BRH:45
end_of_record
TN:
SF:src/transport/raw.ts
FN:27,isBodyInitLike
FN:39,toClientError
FN:67,<instance_members_initializer>
FN:68,RawHttpClient
FN:74,request
FN:96,requestJson
FN:105,blobExists
FN:113,pushBlob
FNF:8
FNH:8
FNDA:8,isBodyInitLike
FNDA:4,toClientError
FNDA:28,<instance_members_initializer>
FNDA:28,RawHttpClient
FNDA:12,request
FNDA:3,requestJson
FNDA:4,blobExists
FNDA:2,pushBlob
DA:1,1
DA:27,8
DA:28,8
DA:29,8
DA:30,2
DA:31,2
DA:32,2
DA:33,2
DA:34,2
DA:35,2
DA:37,8
DA:39,4
DA:40,4
DA:41,4
DA:42,4
DA:43,4
DA:44,4
DA:45,4
DA:46,4
DA:47,4
DA:48,2
DA:49,2
DA:50,2
DA:51,2
DA:52,2
DA:53,2
DA:54,2
DA:55,2
DA:56,2
DA:57,4
DA:59,0
DA:61,4
DA:62,4
DA:63,4
DA:64,4
DA:65,4
DA:67,1
DA:68,28
DA:69,28
DA:70,28
DA:71,28
DA:74,28
DA:75,12
DA:76,12
DA:77,12
DA:78,12
DA:79,12
DA:80,12
DA:81,12
DA:82,12
DA:83,12
DA:84,12
DA:85,12
DA:86,8
DA:87,4
DA:88,3
DA:89,1
DA:90,12
DA:91,12
DA:92,12
DA:93,12
DA:96,28
DA:97,3
DA:98,3
DA:99,2
DA:100,2
DA:101,1
DA:102,3
DA:105,28
DA:106,4
DA:107,4
DA:108,3
DA:109,1
DA:110,4
DA:113,28
DA:114,2
DA:115,2
DA:116,2
DA:117,2
DA:118,2
DA:119,2
DA:120,2
DA:121,1
DA:122,1
DA:123,2
DA:124,28
LF:86
LH:85
BRDA:27,0,0,8
BRDA:29,1,0,2
BRDA:30,2,0,2
BRDA:31,3,0,2
BRDA:32,4,0,2
BRDA:33,5,0,2
BRDA:34,6,0,2
BRDA:39,7,0,4
BRDA:45,8,0,1
BRDA:47,9,0,2
BRDA:55,10,0,1
BRDA:57,11,0,0
BRDA:62,12,0,2
BRDA:67,13,0,28
BRDA:68,14,0,28
BRDA:74,15,0,12
BRDA:77,16,0,4
BRDA:79,17,0,5
BRDA:79,18,0,1
BRDA:79,19,0,4
BRDA:81,20,0,1
BRDA:81,21,0,11
BRDA:85,22,0,8
BRDA:86,23,0,4
BRDA:87,24,0,3
BRDA:88,25,0,1
BRDA:96,26,0,3
BRDA:98,27,0,2
BRDA:100,28,0,1
BRDA:105,29,0,4
BRDA:107,30,0,2
BRDA:107,31,0,3
BRDA:107,32,0,2
BRDA:108,33,0,1
BRDA:113,34,0,2
BRDA:120,35,0,1
BRF:36
BRH:35
end_of_record
TN:
SF:src/transport/retry.ts
FN:30,normalizeRetryConfig
FN:42,isRetryableStatus
FNF:2
FNH:2
FNDA:30,normalizeRetryConfig
FNDA:14,isRetryableStatus
DA:14,1
DA:15,1
DA:16,1
DA:17,1
DA:18,1
DA:19,1
DA:20,1
DA:21,1
DA:22,1
DA:23,1
DA:30,1
DA:31,30
DA:32,30
DA:33,30
DA:34,2
DA:35,2
DA:36,29
DA:37,16
DA:38,16
DA:39,12
DA:40,12
DA:42,1
DA:43,14
DA:44,14
LF:24
LH:24
BRDA:30,0,0,30
BRDA:33,1,0,2
BRDA:35,2,0,29
BRDA:35,3,0,28
BRDA:36,4,0,16
BRDA:38,5,0,12
BRDA:42,6,0,14
BRF:7
BRH:7
end_of_record
TN:
SF:src/transport/timeout.ts
FN:14,<instance_members_initializer>
FN:15,TimeoutReason
FN:28,createTimeoutSignal
FN:33,cancel
FN:43,userSignal.addEventListener.once
FN:59,cancel
FN:65,isAbortError
FN:75,errorFromAbortSignal
FN:90,raceWithSignal
FN:95,onAbort
FN:111,sleep
FN:119,onAbort
FNF:12
FNH:10
FNDA:2,<instance_members_initializer>
FNDA:2,TimeoutReason
FNDA:40,createTimeoutSignal
FNDA:17,cancel
FNDA:0,userSignal.addEventListener.once
FNDA:21,cancel
FNDA:9,isAbortError
FNDA:4,errorFromAbortSignal
FNDA:3,raceWithSignal
FNDA:1,onAbort
FNDA:8,sleep
FNDA:0,onAbort
DA:11,1
DA:14,1
DA:15,2
DA:16,2
DA:28,1
DA:29,40
DA:30,40
DA:31,40
DA:32,40
DA:33,17
DA:34,17
DA:36,23
DA:37,23
DA:39,40
DA:40,4
DA:41,2
DA:42,2
DA:43,2
DA:44,2
DA:45,2
DA:46,2
DA:47,4
DA:49,40
DA:50,21
DA:51,2
DA:52,21
DA:54,21
DA:55,21
DA:57,23
DA:58,23
DA:59,23
DA:60,21
DA:61,21
DA:62,23
DA:63,23
DA:65,1
DA:66,9
DA:67,9
DA:68,9
DA:69,2
DA:70,7
DA:72,9
DA:75,1
DA:76,4
DA:77,2
DA:78,2
DA:79,2
DA:80,2
DA:81,2
DA:82,2
DA:90,1
DA:91,3
DA:92,1
DA:93,1
DA:94,2
DA:95,2
DA:96,2
DA:97,2
DA:98,2
DA:99,1
DA:100,1
DA:101,1
DA:102,2
DA:103,0
DA:105,0
DA:106,0
DA:107,2
DA:108,2
DA:109,2
DA:111,1
DA:112,8
DA:113,8
DA:114,8
DA:115,8
DA:116,8
DA:117,8
DA:118,8
DA:119,8
DA:120,0
DA:122,0
DA:123,0
DA:124,8
DA:125,8
DA:126,8
LF:84
LH:78
BRDA:14,0,0,2
BRDA:15,1,0,2
BRDA:28,2,0,40
BRDA:32,3,0,19
BRDA:32,4,0,17
BRDA:34,5,0,23
BRDA:39,6,0,4
BRDA:40,7,0,2
BRDA:47,8,0,23
BRDA:49,9,0,21
BRDA:49,10,0,21
BRDA:49,11,0,21
BRDA:55,12,0,23
BRDA:33,13,0,17
BRDA:50,14,0,2
BRDA:59,15,0,21
BRDA:60,16,0,19
BRDA:65,17,0,9
BRDA:68,18,0,2
BRDA:69,19,0,7
BRDA:75,20,0,4
BRDA:76,21,0,2
BRDA:90,22,0,3
BRDA:91,23,0,1
BRDA:93,24,0,2
BRDA:94,25,0,2
BRDA:95,26,0,1
BRDA:98,27,0,1
BRDA:111,28,0,8
BRDA:112,29,0,0
BRDA:113,30,0,8
BRDA:124,31,0,0
BRDA:114,32,0,8
BRDA:115,33,0,0
BRF:34
BRH:31
end_of_record
